{"level":"info","message":"Server running on port 5000 in development mode","service":"mern-app-server","timestamp":"2025-07-15 11:35:23"}
{"level":"info","message":"Server running on port 5001 in development mode","service":"mern-app-server","timestamp":"2025-07-15 11:36:56"}
{"level":"info","message":"SIGINT received, shutting down gracefully","service":"mern-app-server","timestamp":"2025-07-15 11:38:18"}
{"level":"info","message":"Server running on port 5001 in development mode","service":"mern-app-server","timestamp":"2025-07-15 11:38:45"}
{"level":"info","message":"User registered: fidelmwaro@gmail.com","service":"mern-app-server","timestamp":"2025-07-15 11:40:13"}
{"level":"error","message":"Not allowed by CORS","service":"mern-app-server","stack":"Error: Not allowed by CORS\n    at origin (C:\\Users\\Fidel\\Desktop\\devops-deployment\\server\\src\\server.js:72:16)\n    at C:\\Users\\Fidel\\Desktop\\devops-deployment\\server\\node_modules\\cors\\lib\\index.js:219:13\n    at optionsCallback (C:\\Users\\Fidel\\Desktop\\devops-deployment\\server\\node_modules\\cors\\lib\\index.js:199:9)\n    at corsMiddleware (C:\\Users\\Fidel\\Desktop\\devops-deployment\\server\\node_modules\\cors\\lib\\index.js:204:7)\n    at Layer.handle [as handle_request] (C:\\Users\\Fidel\\Desktop\\devops-deployment\\server\\node_modules\\express\\lib\\router\\layer.js:95:5)\n    at trim_prefix (C:\\Users\\Fidel\\Desktop\\devops-deployment\\server\\node_modules\\express\\lib\\router\\index.js:328:13)\n    at C:\\Users\\Fidel\\Desktop\\devops-deployment\\server\\node_modules\\express\\lib\\router\\index.js:286:9\n    at Function.process_params (C:\\Users\\Fidel\\Desktop\\devops-deployment\\server\\node_modules\\express\\lib\\router\\index.js:346:12)\n    at next (C:\\Users\\Fidel\\Desktop\\devops-deployment\\server\\node_modules\\express\\lib\\router\\index.js:280:10)\n    at C:\\Users\\Fidel\\Desktop\\devops-deployment\\server\\node_modules\\express-rate-limit\\dist\\index.cjs:807:7","timestamp":"2025-07-15 12:08:45"}
{"level":"info","message":"Server running on port 5001 in development mode","service":"mern-app-server","timestamp":"2025-07-15 12:32:59"}
{"level":"info","message":"Server running on port 5001 in development mode","service":"mern-app-server","timestamp":"2025-07-15 12:41:18"}
{"level":"info","message":"Server running on port 5001 in development mode","service":"mern-app-server","timestamp":"2025-07-15 12:41:41"}
{"level":"info","message":"Server running on port 5001 in development mode","service":"mern-app-server","timestamp":"2025-07-15 12:42:29"}
{"level":"info","message":"Server running on port 5001 in development mode","service":"mern-app-server","timestamp":"2025-07-15 12:46:28"}
{"level":"info","message":"SIGINT received, shutting down gracefully","service":"mern-app-server","timestamp":"2025-07-15 13:11:10"}
{"level":"info","message":"Server running on port 5001 in development mode","service":"mern-app-server","timestamp":"2025-07-15 13:12:12"}
{"level":"info","message":"User logged in: fidelmwaro@gmail.com","service":"mern-app-server","timestamp":"2025-07-15 13:17:48"}
{"level":"info","message":"SIGINT received, shutting down gracefully","service":"mern-app-server","timestamp":"2025-07-15 13:21:10"}
{"level":"info","message":"Server running on port 5000 in development mode","service":"mern-app-server","timestamp":"2025-07-15 11:49:38"}
{"level":"error","message":"Registration error: \"expiresIn\" should be a number of seconds or string representing a timespan","service":"mern-app-server","stack":"Error: \"expiresIn\" should be a number of seconds or string representing a timespan\n    at /workspace/server/node_modules/jsonwebtoken/sign.js:56:15\n    at Array.forEach (<anonymous>)\n    at validate (/workspace/server/node_modules/jsonwebtoken/sign.js:47:6)\n    at validateOptions (/workspace/server/node_modules/jsonwebtoken/sign.js:62:10)\n    at module.exports [as sign] (/workspace/server/node_modules/jsonwebtoken/sign.js:171:5)\n    at userSchema.methods.getSignedJwtToken (/workspace/server/src/models/User.js:65:14)\n    at /workspace/server/src/routes/auth.js:55:24\n    at process.processTicksAndRejections (node:internal/process/task_queues:105:5)","timestamp":"2025-07-15 11:49:50"}
{"level":"info","message":"SIGTERM received, shutting down gracefully","service":"mern-app-server","timestamp":"2025-07-15 11:50:26"}
{"level":"info","message":"Server running on port 5000 in development mode","service":"mern-app-server","timestamp":"2025-07-15 11:50:28"}
{"level":"info","message":"User registered: newuser@example.com","service":"mern-app-server","timestamp":"2025-07-15 11:51:02"}
{"level":"info","message":"User logged in: newuser@example.com","service":"mern-app-server","timestamp":"2025-07-15 11:51:03"}
